<?xml version="1.0" encoding="UTF-8"?>
<testng-results ignored="0" total="1" passed="0" failed="1" skipped="0">
  <reporter-output>
    <line>
      <![CDATA[Opening Browser]]>
    </line>
    <line>
      <![CDATA[Login]]>
    </line>
  </reporter-output>
  <suite started-at="2023-05-19T07:31:34 IST" name="Suite" finished-at="2023-05-19T07:31:46 IST" duration-ms="11935">
    <groups>
    </groups>
    <test started-at="2023-05-19T07:31:34 IST" name="Test" finished-at="2023-05-19T07:31:46 IST" duration-ms="11935">
      <class name="Listenersss.GoogleScreenshot">
        <test-method is-config="true" signature="openBrowse()[pri:0, instance:Listenersss.GoogleScreenshot@3427b02d]" started-at="2023-05-19T07:31:34 IST" name="openBrowse" finished-at="2023-05-19T07:31:36 IST" duration-ms="1550" status="PASS">
          <reporter-output>
            <line>
              <![CDATA[Opening Browser]]>
            </line>
          </reporter-output>
        </test-method> <!-- openBrowse -->
        <test-method is-config="true" signature="login()[pri:0, instance:Listenersss.GoogleScreenshot@3427b02d]" started-at="2023-05-19T07:31:36 IST" name="login" finished-at="2023-05-19T07:31:42 IST" duration-ms="6243" status="PASS">
          <reporter-output>
            <line>
              <![CDATA[Login]]>
            </line>
          </reporter-output>
        </test-method> <!-- login -->
        <test-method signature="screenshot()[pri:0, instance:Listenersss.GoogleScreenshot@3427b02d]" started-at="2023-05-19T07:31:42 IST" name="screenshot" finished-at="2023-05-19T07:31:46 IST" duration-ms="3868" status="FAIL">
          <exception class="java.lang.AssertionError">
            <message>
              <![CDATA[null]]>
            </message>
            <full-stacktrace>
              <![CDATA[java.lang.AssertionError: null
at org.testng.Assert.fail(Assert.java:99)
at org.testng.Assert.fail(Assert.java:106)
at Listenersss.GoogleScreenshot.screenshot(GoogleScreenshot.java:27)
at java.base/jdk.internal.reflect.DirectMethodHandleAccessor.invoke(DirectMethodHandleAccessor.java:104)
at java.base/java.lang.reflect.Method.invoke(Method.java:578)
at org.testng.internal.MethodInvocationHelper.invokeMethod(MethodInvocationHelper.java:133)
at org.testng.internal.TestInvoker.invokeMethod(TestInvoker.java:598)
at org.testng.internal.TestInvoker.invokeTestMethod(TestInvoker.java:173)
at org.testng.internal.MethodRunner.runInSequence(MethodRunner.java:46)
at org.testng.internal.TestInvoker$MethodInvocationAgent.invoke(TestInvoker.java:824)
at org.testng.internal.TestInvoker.invokeTestMethods(TestInvoker.java:146)
at org.testng.internal.TestMethodWorker.invokeTestMethods(TestMethodWorker.java:146)
at org.testng.internal.TestMethodWorker.run(TestMethodWorker.java:128)
at java.base/java.util.ArrayList.forEach(ArrayList.java:1511)
at org.testng.TestRunner.privateRun(TestRunner.java:794)
at org.testng.TestRunner.run(TestRunner.java:596)
at org.testng.SuiteRunner.runTest(SuiteRunner.java:377)
at org.testng.SuiteRunner.runSequentially(SuiteRunner.java:371)
at org.testng.SuiteRunner.privateRun(SuiteRunner.java:332)
at org.testng.SuiteRunner.run(SuiteRunner.java:276)
at org.testng.SuiteRunnerWorker.runSuite(SuiteRunnerWorker.java:53)
at org.testng.SuiteRunnerWorker.run(SuiteRunnerWorker.java:96)
at org.testng.TestNG.runSuitesSequentially(TestNG.java:1212)
at org.testng.TestNG.runSuitesLocally(TestNG.java:1134)
at org.testng.TestNG.runSuites(TestNG.java:1063)
at org.testng.TestNG.run(TestNG.java:1031)
at org.testng.remote.AbstractRemoteTestNG.run(AbstractRemoteTestNG.java:115)
at org.testng.remote.RemoteTestNG.initAndRun(RemoteTestNG.java:251)
at org.testng.remote.RemoteTestNG.main(RemoteTestNG.java:77)
]]>
            </full-stacktrace>
          </exception> <!-- java.lang.AssertionError -->
          <reporter-output>
          </reporter-output>
        </test-method> <!-- screenshot -->
      </class> <!-- Listenersss.GoogleScreenshot -->
    </test> <!-- Test -->
  </suite> <!-- Suite -->
</testng-results>
